<?xml version="1.0" encoding="UTF-8"?>
<testng-results skipped="0" failed="0" ignored="0" total="1" passed="1">
  <reporter-output>
  </reporter-output>
  <suite name="Surefire suite" duration-ms="11614" started-at="2022-12-13T16:21:38 IST" finished-at="2022-12-13T16:21:50 IST">
    <groups>
      <group name="cucumber">
        <method signature="AbstractTestNGCucumberTests.runScenario(io.cucumber.testng.PickleWrapper,io.cucumber.testng.FeatureWrapper)[pri:0, instance:pocDemoApp.cukes.DemoWebCukes@9a7504c]" name="runScenario" class="io.cucumber.testng.AbstractTestNGCucumberTests"/>
      </group> <!-- cucumber -->
    </groups>
    <test name="Surefire test" duration-ms="11614" started-at="2022-12-13T16:21:38 IST" finished-at="2022-12-13T16:21:50 IST">
      <class name="pocDemoApp.cukes.DemoWebCukes">
        <test-method status="PASS" signature="setUpClass()[pri:0, instance:pocDemoApp.cukes.DemoWebCukes@9a7504c]" name="setUpClass" is-config="true" duration-ms="797" started-at="2022-12-13T16:21:38 IST" finished-at="2022-12-13T16:21:39 IST">
          <reporter-output>
          </reporter-output>
        </test-method> <!-- setUpClass -->
        <test-method status="PASS" signature="runScenario(io.cucumber.testng.PickleWrapper,io.cucumber.testng.FeatureWrapper)[pri:0, instance:pocDemoApp.cukes.DemoWebCukes@9a7504c]" name="runScenario" duration-ms="9929" started-at="2022-12-13T16:21:39 IST" description="Runs Cucumber Scenarios" data-provider="scenarios" finished-at="2022-12-13T16:21:49 IST">
          <params>
            <param index="0">
              <value>
                <![CDATA["S1- User on Google Home"]]>
              </value>
            </param>
            <param index="1">
              <value>
                <![CDATA["Optional[Demo_Scenarios]"]]>
              </value>
            </param>
          </params>
          <reporter-output>
          </reporter-output>
        </test-method> <!-- runScenario -->
        <test-method status="PASS" signature="tearDownClass()[pri:0, instance:pocDemoApp.cukes.DemoWebCukes@9a7504c]" name="tearDownClass" is-config="true" duration-ms="846" started-at="2022-12-13T16:21:49 IST" finished-at="2022-12-13T16:21:50 IST">
          <reporter-output>
          </reporter-output>
        </test-method> <!-- tearDownClass -->
      </class> <!-- pocDemoApp.cukes.DemoWebCukes -->
    </test> <!-- Surefire test -->
  </suite> <!-- Surefire suite -->
</testng-results>
